<?xml version="1.0" encoding="UTF-8"?>
<!-- Generated by org.testng.reporters.JUnitXMLReporter -->
<testsuite ignored="0" hostname="Ajays-MacBook-Air.local" failures="0" tests="3" name="Default test" time="0.108" errors="0" timestamp="2021-09-22T20:39:07 IST">
  <testcase classname="Testcases.OrangeHRMLoginTest" name="loginTest" time="0.012"/>
  <testcase classname="Testcases.OrangeHRMLoginTest" name="loginTest" time="0.009"/>
  <testcase classname="Testcases.OrangeHRMLoginTest" name="loginTest" time="0.005"/>
</testsuite> <!-- Default test -->
