<?xml version="1.0" encoding="UTF-8"?>
<testng-results ignored="0" total="3" passed="3" failed="0" skipped="0">
  <reporter-output>
  </reporter-output>
  <suite started-at="2021-09-22T20:39:02 IST" name="Default suite" finished-at="2021-09-22T20:39:02 IST" duration-ms="108">
    <groups>
    </groups>
    <test started-at="2021-09-22T20:39:02 IST" name="Default test" finished-at="2021-09-22T20:39:02 IST" duration-ms="108">
      <class name="Testcases.OrangeHRMLoginTest">
        <test-method signature="loginTest(java.lang.String,java.lang.String)[pri:0, instance:Testcases.OrangeHRMLoginTest@1a04f701]" started-at="2021-09-22T20:39:02 IST" name="loginTest" data-provider="dataSource" finished-at="2021-09-22T20:39:02 IST" duration-ms="12" status="PASS">
          <params>
            <param index="0">
              <value>
                <![CDATA[User1]]>
              </value>
            </param>
            <param index="1">
              <value>
                <![CDATA[password1]]>
              </value>
            </param>
          </params>
          <reporter-output>
          </reporter-output>
        </test-method> <!-- loginTest -->
        <test-method signature="loginTest(java.lang.String,java.lang.String)[pri:0, instance:Testcases.OrangeHRMLoginTest@1a04f701]" started-at="2021-09-22T20:39:02 IST" name="loginTest" data-provider="dataSource" finished-at="2021-09-22T20:39:02 IST" duration-ms="9" status="PASS">
          <params>
            <param index="0">
              <value>
                <![CDATA[User2]]>
              </value>
            </param>
            <param index="1">
              <value>
                <![CDATA[password2]]>
              </value>
            </param>
          </params>
          <reporter-output>
          </reporter-output>
        </test-method> <!-- loginTest -->
        <test-method signature="loginTest(java.lang.String,java.lang.String)[pri:0, instance:Testcases.OrangeHRMLoginTest@1a04f701]" started-at="2021-09-22T20:39:02 IST" name="loginTest" data-provider="dataSource" finished-at="2021-09-22T20:39:02 IST" duration-ms="5" status="PASS">
          <params>
            <param index="0">
              <value>
                <![CDATA[User3]]>
              </value>
            </param>
            <param index="1">
              <value>
                <![CDATA[password3]]>
              </value>
            </param>
          </params>
          <reporter-output>
          </reporter-output>
        </test-method> <!-- loginTest -->
      </class> <!-- Testcases.OrangeHRMLoginTest -->
    </test> <!-- Default test -->
  </suite> <!-- Default suite -->
</testng-results>
